[2019-08-21 14:25:39,255: INFO/MainProcess] Connected to redis://localhost:6379/0
[2019-08-21 14:25:39,263: INFO/MainProcess] mingle: searching for neighbors
[2019-08-21 14:25:40,286: INFO/MainProcess] mingle: all alone
[2019-08-21 14:25:40,302: INFO/MainProcess] celery@shilin-iMac.local ready.
[2019-08-21 14:26:47,336: INFO/MainProcess] Connected to redis://localhost:6379/0
[2019-08-21 14:26:47,344: INFO/MainProcess] mingle: searching for neighbors
[2019-08-21 14:26:48,365: INFO/MainProcess] mingle: all alone
[2019-08-21 14:26:48,382: INFO/MainProcess] worker@shilin-iMac.local ready.
[2019-08-21 14:27:49,284: INFO/MainProcess] Received task: app.getWeibo[67641c67-b5ab-44c2-87b8-a4cb4200ad44]  
[2019-08-21 14:27:49,502: WARNING/ForkPoolWorker-4] /Users/xiusl/InstanceProject/instance-spider/env/lib/python3.7/site-packages/urllib3/connectionpool.py:851: InsecureRequestWarning: Unverified HTTPS request is being made. Adding certificate verification is strongly advised. See: https://urllib3.readthedocs.io/en/latest/advanced-usage.html#ssl-warnings
  InsecureRequestWarning)
[2019-08-21 14:27:49,626: WARNING/ForkPoolWorker-4] {'id': '5d5ce465918aa95bd89f9cf2'}
[2019-08-21 14:27:49,632: INFO/ForkPoolWorker-4] Task app.getWeibo[67641c67-b5ab-44c2-87b8-a4cb4200ad44] succeeded in 0.3365703970000027s: {'id': '5d5ce465918aa95bd89f9cf2'}
[2019-08-21 14:33:11,094: INFO/MainProcess] Received task: app.getWeibo[f34b54ab-8cee-4a54-bbb5-f7007829e75d]  
[2019-08-21 14:33:11,323: WARNING/ForkPoolWorker-3] /Users/xiusl/InstanceProject/instance-spider/env/lib/python3.7/site-packages/urllib3/connectionpool.py:851: InsecureRequestWarning: Unverified HTTPS request is being made. Adding certificate verification is strongly advised. See: https://urllib3.readthedocs.io/en/latest/advanced-usage.html#ssl-warnings
  InsecureRequestWarning)
[2019-08-21 14:33:11,398: WARNING/ForkPoolWorker-3] {'id': '5d5ce5a71cd737d6c79f9cf2'}
[2019-08-21 14:33:11,405: INFO/ForkPoolWorker-3] Task app.getWeibo[f34b54ab-8cee-4a54-bbb5-f7007829e75d] succeeded in 0.2979253930000141s: {'id': '5d5ce5a71cd737d6c79f9cf2'}
[2019-08-21 14:34:07,692: INFO/MainProcess] Received task: app.getWeibo[12cb1530-eea6-46ca-9592-216ee08f7d9a]  
[2019-08-21 14:34:07,863: WARNING/ForkPoolWorker-4] /Users/xiusl/InstanceProject/instance-spider/env/lib/python3.7/site-packages/urllib3/connectionpool.py:851: InsecureRequestWarning: Unverified HTTPS request is being made. Adding certificate verification is strongly advised. See: https://urllib3.readthedocs.io/en/latest/advanced-usage.html#ssl-warnings
  InsecureRequestWarning)
[2019-08-21 14:34:07,933: WARNING/ForkPoolWorker-4] {'id': '5d5ce5df918aa95bd89f9cf4'}
[2019-08-21 14:34:07,937: INFO/ForkPoolWorker-4] Task app.getWeibo[12cb1530-eea6-46ca-9592-216ee08f7d9a] succeeded in 0.23630618199996434s: {'id': '5d5ce5df918aa95bd89f9cf4'}
[2019-08-21 14:48:56,179: INFO/MainProcess] Received task: app.getWeibo[d3a0e328-d9eb-4d33-9a21-c62a055578d3]  
[2019-08-21 14:48:56,363: WARNING/ForkPoolWorker-3] /Users/xiusl/InstanceProject/instance-spider/env/lib/python3.7/site-packages/urllib3/connectionpool.py:851: InsecureRequestWarning: Unverified HTTPS request is being made. Adding certificate verification is strongly advised. See: https://urllib3.readthedocs.io/en/latest/advanced-usage.html#ssl-warnings
  InsecureRequestWarning)
[2019-08-21 14:48:56,471: WARNING/ForkPoolWorker-3] {'id': '5d5ce9581cd737d6c79f9cf4'}
[2019-08-21 14:48:56,476: INFO/ForkPoolWorker-3] Task app.getWeibo[d3a0e328-d9eb-4d33-9a21-c62a055578d3] succeeded in 0.2859364139999343s: {'id': '5d5ce9581cd737d6c79f9cf4'}
[2019-08-21 15:01:08,110: INFO/MainProcess] Received task: app.getWeibo[8ec4f3f8-2de0-491b-b55c-94d61f29d72f]  
[2019-08-21 15:01:08,313: WARNING/ForkPoolWorker-4] /Users/xiusl/InstanceProject/instance-spider/env/lib/python3.7/site-packages/urllib3/connectionpool.py:851: InsecureRequestWarning: Unverified HTTPS request is being made. Adding certificate verification is strongly advised. See: https://urllib3.readthedocs.io/en/latest/advanced-usage.html#ssl-warnings
  InsecureRequestWarning)
[2019-08-21 15:01:08,399: WARNING/ForkPoolWorker-4] {'id': '5d5cec34918aa95bd89f9cf6'}
[2019-08-21 15:01:08,404: INFO/ForkPoolWorker-4] Task app.getWeibo[8ec4f3f8-2de0-491b-b55c-94d61f29d72f] succeeded in 0.28303964799988535s: {'id': '5d5cec34918aa95bd89f9cf6'}
[2019-08-21 15:02:16,522: INFO/MainProcess] Connected to redis://localhost:6379/0
[2019-08-21 15:02:16,531: INFO/MainProcess] mingle: searching for neighbors
[2019-08-21 15:02:17,551: INFO/MainProcess] mingle: all alone
[2019-08-21 15:02:17,567: INFO/MainProcess] worker@shilin-iMac.local ready.
[2019-08-21 15:03:13,002: INFO/MainProcess] Received task: app.getWeibo[880ab3b9-387a-4b6c-a868-5fcfe27215bb]  
[2019-08-21 15:03:13,212: WARNING/ForkPoolWorker-4] /Users/xiusl/InstanceProject/instance-spider/env/lib/python3.7/site-packages/urllib3/connectionpool.py:851: InsecureRequestWarning: Unverified HTTPS request is being made. Adding certificate verification is strongly advised. See: https://urllib3.readthedocs.io/en/latest/advanced-usage.html#ssl-warnings
  InsecureRequestWarning)
[2019-08-21 15:03:13,422: WARNING/ForkPoolWorker-4] {'id': '5d5cecb127bee92e43905015'}
[2019-08-21 15:03:13,429: INFO/ForkPoolWorker-4] Task app.getWeibo[880ab3b9-387a-4b6c-a868-5fcfe27215bb] succeeded in 0.41117910899999544s: {'id': '5d5cecb127bee92e43905015'}
[2019-08-21 15:35:10,395: INFO/MainProcess] Received task: app.getWeibo[3f6beaf0-23ff-416f-892a-3f841fa43afe]  
[2019-08-21 15:35:10,605: WARNING/ForkPoolWorker-3] /Users/xiusl/InstanceProject/instance-spider/env/lib/python3.7/site-packages/urllib3/connectionpool.py:851: InsecureRequestWarning: Unverified HTTPS request is being made. Adding certificate verification is strongly advised. See: https://urllib3.readthedocs.io/en/latest/advanced-usage.html#ssl-warnings
  InsecureRequestWarning)
[2019-08-21 15:35:10,683: WARNING/ForkPoolWorker-3] {'id': '5d5cf42ee4ab31e028905015'}
[2019-08-21 15:35:10,689: INFO/ForkPoolWorker-3] Task app.getWeibo[3f6beaf0-23ff-416f-892a-3f841fa43afe] succeeded in 0.27998241000000235s: {'id': '5d5cf42ee4ab31e028905015'}
[2019-08-21 15:52:50,077: INFO/MainProcess] Received task: app.getWeibo[c9b1af42-5f3e-4bce-89ef-4e490ec9c83e]  
[2019-08-21 15:52:50,327: WARNING/ForkPoolWorker-4] /Users/xiusl/InstanceProject/instance-spider/env/lib/python3.7/site-packages/urllib3/connectionpool.py:851: InsecureRequestWarning: Unverified HTTPS request is being made. Adding certificate verification is strongly advised. See: https://urllib3.readthedocs.io/en/latest/advanced-usage.html#ssl-warnings
  InsecureRequestWarning)
[2019-08-21 15:52:50,430: WARNING/ForkPoolWorker-4] {'id': '5d5cf85227bee92e43905017'}
[2019-08-21 15:52:50,436: INFO/ForkPoolWorker-4] Task app.getWeibo[c9b1af42-5f3e-4bce-89ef-4e490ec9c83e] succeeded in 0.34785752400011916s: {'id': '5d5cf85227bee92e43905017'}
[2019-08-22 16:48:22,340: INFO/MainProcess] Connected to redis://localhost:6379/0
[2019-08-22 16:48:22,350: INFO/MainProcess] mingle: searching for neighbors
[2019-08-22 16:48:23,371: INFO/MainProcess] mingle: all alone
[2019-08-22 16:48:23,388: INFO/MainProcess] worker@shilin-iMac.local ready.
[2019-08-22 17:22:34,668: INFO/MainProcess] Connected to redis://localhost:6379/0
[2019-08-22 17:22:34,676: INFO/MainProcess] mingle: searching for neighbors
[2019-08-22 17:22:35,699: INFO/MainProcess] mingle: all alone
[2019-08-22 17:22:35,716: INFO/MainProcess] worker@shilin-iMac.local ready.
[2019-08-22 17:31:39,889: INFO/MainProcess] Received task: app.getWechat[b1d304cb-55a0-456b-a89a-7f01450b3ae3]  
[2019-08-22 17:31:40,098: INFO/ForkPoolWorker-4] Task app.getWechat[b1d304cb-55a0-456b-a89a-7f01450b3ae3] succeeded in 0.2059668929999816s: {'id': '5d5e60fcabe6923cd062e267'}
[2019-08-22 17:32:46,333: INFO/MainProcess] Received task: app.getWeibo[74c78427-e9ab-423e-920c-67481846406b]  
[2019-08-22 17:32:46,430: WARNING/ForkPoolWorker-3] /Users/xiusl/InstanceProject/instance-spider/env/lib/python3.7/site-packages/urllib3/connectionpool.py:851: InsecureRequestWarning: Unverified HTTPS request is being made. Adding certificate verification is strongly advised. See: https://urllib3.readthedocs.io/en/latest/advanced-usage.html#ssl-warnings
  InsecureRequestWarning)
[2019-08-22 17:32:46,516: ERROR/ForkPoolWorker-3] Task app.getWeibo[74c78427-e9ab-423e-920c-67481846406b] raised unexpected: IndexError('list index out of range')
Traceback (most recent call last):
  File "/Users/xiusl/InstanceProject/instance-spider/env/lib/python3.7/site-packages/celery/app/trace.py", line 385, in trace_task
    R = retval = fun(*args, **kwargs)
  File "/Users/xiusl/InstanceProject/instance-spider/env/lib/python3.7/site-packages/celery/app/trace.py", line 648, in __protected_call__
    return self.run(*args, **kwargs)
  File "/Users/xiusl/InstanceProject/instance-spider/app.py", line 24, in getWeibo
    data = sp.getWeiboByUrl(url)
  File "/Users/xiusl/InstanceProject/instance-spider/weibo.py", line 86, in getWeiboByUrl
    status = json.loads(data[0])
IndexError: list index out of range
[2019-08-22 17:32:50,833: INFO/MainProcess] Received task: app.getWechat[90d899a5-827d-46cc-9b49-3e90d986aec4]  
[2019-08-22 17:32:51,005: INFO/ForkPoolWorker-4] Task app.getWechat[90d899a5-827d-46cc-9b49-3e90d986aec4] succeeded in 0.17132536799999798s: {'id': '5d5e6143abe6923cd062e269'}
[2019-08-22 17:34:25,556: INFO/MainProcess] Received task: app.getWeibo[7450ddcc-bc9c-4bad-b5b4-b2bfe0608af4]  
[2019-08-22 17:34:25,675: WARNING/ForkPoolWorker-3] /Users/xiusl/InstanceProject/instance-spider/env/lib/python3.7/site-packages/urllib3/connectionpool.py:851: InsecureRequestWarning: Unverified HTTPS request is being made. Adding certificate verification is strongly advised. See: https://urllib3.readthedocs.io/en/latest/advanced-usage.html#ssl-warnings
  InsecureRequestWarning)
[2019-08-22 17:34:25,741: WARNING/ForkPoolWorker-3] {'id': '5d5e61a13206316c3e62e268'}
[2019-08-22 17:34:25,744: INFO/ForkPoolWorker-3] Task app.getWeibo[7450ddcc-bc9c-4bad-b5b4-b2bfe0608af4] succeeded in 0.18310065500008932s: {'id': '5d5e61a13206316c3e62e268'}
[2019-08-23 15:07:39,403: INFO/MainProcess] Connected to redis://localhost:6379/0
[2019-08-23 15:07:39,413: INFO/MainProcess] mingle: searching for neighbors
[2019-08-23 15:07:40,435: INFO/MainProcess] mingle: all alone
[2019-08-23 15:07:40,449: INFO/MainProcess] worker@shilin-iMac.local ready.
[2019-08-23 15:09:04,940: INFO/MainProcess] Connected to redis://localhost:6379/0
[2019-08-23 15:09:04,949: INFO/MainProcess] mingle: searching for neighbors
[2019-08-23 15:09:05,967: INFO/MainProcess] mingle: all alone
[2019-08-23 15:09:05,986: INFO/MainProcess] worker@shilin-iMac.local ready.
[2019-08-23 15:09:43,750: INFO/MainProcess] Received task: app.getWechat[ec86d538-8c13-4a29-8382-0eb4ca56ccef]  
[2019-08-23 15:09:44,051: INFO/ForkPoolWorker-4] put object, url=:https://shilin-1255431184.cos.ap-beijing.myqcloud.com/abc7614785492e4c41db3eccfdd1982b ,headers=:{'x-cos-storage-class': 'STANDARD', 'Content-Type': 'image/gif'}
[2019-08-23 15:09:45,348: INFO/ForkPoolWorker-4] put object, url=:https://shilin-1255431184.cos.ap-beijing.myqcloud.com/f9143d672546f663b5e8386d433eae99 ,headers=:{'x-cos-storage-class': 'STANDARD', 'Content-Type': 'image/jpeg'}
[2019-08-23 15:09:46,524: INFO/ForkPoolWorker-4] put object, url=:https://shilin-1255431184.cos.ap-beijing.myqcloud.com/611a0de87b98a136d320e6a5d596ab0c ,headers=:{'x-cos-storage-class': 'STANDARD', 'Content-Type': 'image/png'}
[2019-08-23 15:09:47,609: INFO/ForkPoolWorker-4] put object, url=:https://shilin-1255431184.cos.ap-beijing.myqcloud.com/41513b8efd2a998ccab9e5c3ac3dbfa1 ,headers=:{'x-cos-storage-class': 'STANDARD', 'Content-Type': 'image/jpeg'}
[2019-08-23 15:09:48,704: INFO/ForkPoolWorker-4] put object, url=:https://shilin-1255431184.cos.ap-beijing.myqcloud.com/33cb3452fcc082bd7227259b178fd9ee ,headers=:{'x-cos-storage-class': 'STANDARD', 'Content-Type': 'image/jpeg'}
[2019-08-23 15:09:49,822: INFO/ForkPoolWorker-4] put object, url=:https://shilin-1255431184.cos.ap-beijing.myqcloud.com/77c7f9294b56c99931e53e12e24c676e ,headers=:{'x-cos-storage-class': 'STANDARD', 'Content-Type': 'image/jpeg'}
[2019-08-23 15:09:50,930: INFO/ForkPoolWorker-4] put object, url=:https://shilin-1255431184.cos.ap-beijing.myqcloud.com/03a2268596905b5c39113b99f32cf5e5 ,headers=:{'x-cos-storage-class': 'STANDARD', 'Content-Type': 'image/png'}
[2019-08-23 15:09:52,061: INFO/ForkPoolWorker-4] put object, url=:https://shilin-1255431184.cos.ap-beijing.myqcloud.com/aa197225a900c1713c39ee97b801399f ,headers=:{'x-cos-storage-class': 'STANDARD', 'Content-Type': 'image/png'}
[2019-08-23 15:09:53,163: INFO/ForkPoolWorker-4] put object, url=:https://shilin-1255431184.cos.ap-beijing.myqcloud.com/39ec353281fb03b32e8d37cfa7ba15eb ,headers=:{'x-cos-storage-class': 'STANDARD', 'Content-Type': 'image/png'}
[2019-08-23 15:09:54,257: INFO/ForkPoolWorker-4] put object, url=:https://shilin-1255431184.cos.ap-beijing.myqcloud.com/38383384af0211e490d0421a8fd1badd ,headers=:{'x-cos-storage-class': 'STANDARD', 'Content-Type': 'image/png'}
[2019-08-23 15:09:55,358: INFO/ForkPoolWorker-4] put object, url=:https://shilin-1255431184.cos.ap-beijing.myqcloud.com/0d2e4bd34ea94fada7dc9da967b58ea0 ,headers=:{'x-cos-storage-class': 'STANDARD', 'Content-Type': 'image/jpeg'}
[2019-08-23 15:09:56,461: INFO/ForkPoolWorker-4] put object, url=:https://shilin-1255431184.cos.ap-beijing.myqcloud.com/fe36a28b7a959634c86296d50fed40fa ,headers=:{'x-cos-storage-class': 'STANDARD', 'Content-Type': 'image/png'}
[2019-08-23 15:09:57,546: INFO/ForkPoolWorker-4] put object, url=:https://shilin-1255431184.cos.ap-beijing.myqcloud.com/05fd671e3d3a6daae1ffcc0388b0024c ,headers=:{'x-cos-storage-class': 'STANDARD', 'Content-Type': 'image/png'}
[2019-08-23 15:09:58,649: INFO/ForkPoolWorker-4] put object, url=:https://shilin-1255431184.cos.ap-beijing.myqcloud.com/ced05a1f29f6e9d982e8296892807801 ,headers=:{'x-cos-storage-class': 'STANDARD', 'Content-Type': 'image/png'}
[2019-08-23 15:09:59,789: INFO/ForkPoolWorker-4] put object, url=:https://shilin-1255431184.cos.ap-beijing.myqcloud.com/b768d28938b03b75fbfdb5da975bafbf ,headers=:{'x-cos-storage-class': 'STANDARD', 'Content-Type': 'image/jpeg'}
[2019-08-23 15:10:00,950: INFO/ForkPoolWorker-4] put object, url=:https://shilin-1255431184.cos.ap-beijing.myqcloud.com/5c8384a9955612294a96e7b93239d4f8 ,headers=:{'x-cos-storage-class': 'STANDARD', 'Content-Type': 'image/png'}
[2019-08-23 15:10:02,065: INFO/ForkPoolWorker-4] put object, url=:https://shilin-1255431184.cos.ap-beijing.myqcloud.com/84c873e669e7a902b06e9748e42e8217 ,headers=:{'x-cos-storage-class': 'STANDARD', 'Content-Type': 'image/png'}
[2019-08-23 15:10:03,185: INFO/ForkPoolWorker-4] put object, url=:https://shilin-1255431184.cos.ap-beijing.myqcloud.com/6eb4ac12b705671259398ff3e25ac7ab ,headers=:{'x-cos-storage-class': 'STANDARD', 'Content-Type': 'image/jpeg'}
[2019-08-23 15:10:04,306: INFO/ForkPoolWorker-4] put object, url=:https://shilin-1255431184.cos.ap-beijing.myqcloud.com/7b3af1346c10eae35f9f93c96d412d27 ,headers=:{'x-cos-storage-class': 'STANDARD', 'Content-Type': 'image/png'}
[2019-08-23 15:10:05,443: INFO/ForkPoolWorker-4] put object, url=:https://shilin-1255431184.cos.ap-beijing.myqcloud.com/a373a525cfc66466f3834c150f8457a5 ,headers=:{'x-cos-storage-class': 'STANDARD', 'Content-Type': 'image/jpeg'}
[2019-08-23 15:10:06,550: INFO/ForkPoolWorker-4] put object, url=:https://shilin-1255431184.cos.ap-beijing.myqcloud.com/32ed3a7cb40fdead04e877b050476890 ,headers=:{'x-cos-storage-class': 'STANDARD', 'Content-Type': 'image/jpeg'}
[2019-08-23 15:10:07,909: INFO/ForkPoolWorker-4] put object, url=:https://shilin-1255431184.cos.ap-beijing.myqcloud.com/2b98b6ebf70d48c01963dcce42d1d46d ,headers=:{'x-cos-storage-class': 'STANDARD', 'Content-Type': 'image/gif'}
[2019-08-23 15:10:09,285: INFO/ForkPoolWorker-4] Task app.getWechat[ec86d538-8c13-4a29-8382-0eb4ca56ccef] succeeded in 25.528351244999996s: {'id': '5d5f915134c6eed5661e0bb0'}
[2019-08-23 15:16:25,869: INFO/MainProcess] Received task: app.getWechat[eb3da415-09d7-4f5a-8932-401a8d526538]  
[2019-08-23 15:16:26,225: INFO/ForkPoolWorker-3] put object, url=:https://shilin-1255431184.cos.ap-beijing.myqcloud.com/eabfa088ddeabe57da48561a1a7b8470 ,headers=:{'x-cos-storage-class': 'STANDARD', 'Content-Type': 'image/jpeg'}
[2019-08-23 15:16:27,604: INFO/ForkPoolWorker-3] put object, url=:https://shilin-1255431184.cos.ap-beijing.myqcloud.com/a4d9d0b7e2253f6b0b91322db663f2b8 ,headers=:{'x-cos-storage-class': 'STANDARD', 'Content-Type': 'image/jpeg'}
[2019-08-23 15:16:28,739: INFO/ForkPoolWorker-3] put object, url=:https://shilin-1255431184.cos.ap-beijing.myqcloud.com/cc674ddf023be3a50db95ee946a84c5e ,headers=:{'x-cos-storage-class': 'STANDARD', 'Content-Type': 'image/jpeg'}
[2019-08-23 15:16:29,901: INFO/ForkPoolWorker-3] put object, url=:https://shilin-1255431184.cos.ap-beijing.myqcloud.com/f890d588b7149355eb532fdd395c9531 ,headers=:{'x-cos-storage-class': 'STANDARD', 'Content-Type': 'image/jpeg'}
[2019-08-23 15:16:31,009: INFO/ForkPoolWorker-3] put object, url=:https://shilin-1255431184.cos.ap-beijing.myqcloud.com/185874d6972c5d1d0e305b0f8848a44e ,headers=:{'x-cos-storage-class': 'STANDARD', 'Content-Type': 'image/jpeg'}
[2019-08-23 15:16:32,117: INFO/ForkPoolWorker-3] put object, url=:https://shilin-1255431184.cos.ap-beijing.myqcloud.com/a4d9d0b7e2253f6b0b91322db663f2b8 ,headers=:{'x-cos-storage-class': 'STANDARD', 'Content-Type': 'image/jpeg'}
[2019-08-23 15:16:33,617: INFO/ForkPoolWorker-3] put object, url=:https://shilin-1255431184.cos.ap-beijing.myqcloud.com/74f9c02a01b8d76692c777f729e0c884 ,headers=:{'x-cos-storage-class': 'STANDARD', 'Content-Type': 'image/gif'}
[2019-08-23 15:16:35,351: INFO/ForkPoolWorker-3] put object, url=:https://shilin-1255431184.cos.ap-beijing.myqcloud.com/7f1a47bdd32ef468cc470f45bb36aeed ,headers=:{'x-cos-storage-class': 'STANDARD', 'Content-Type': 'image/jpeg'}
[2019-08-23 15:16:36,479: INFO/ForkPoolWorker-3] put object, url=:https://shilin-1255431184.cos.ap-beijing.myqcloud.com/3983f9acabe51c0088e44e77ea0cf91c ,headers=:{'x-cos-storage-class': 'STANDARD', 'Content-Type': 'image/jpeg'}
[2019-08-23 15:16:37,590: INFO/ForkPoolWorker-3] put object, url=:https://shilin-1255431184.cos.ap-beijing.myqcloud.com/613f7adafeb6abe4ee75d5e0a6d1f3fa ,headers=:{'x-cos-storage-class': 'STANDARD', 'Content-Type': 'image/jpeg'}
[2019-08-23 15:16:38,678: INFO/ForkPoolWorker-3] Task app.getWechat[eb3da415-09d7-4f5a-8932-401a8d526538] succeeded in 12.803732443000001s: {'id': '5d5f92d638041e0ad71e0bb0'}
[2019-08-23 15:20:22,134: INFO/MainProcess] Connected to redis://localhost:6379/0
[2019-08-23 15:20:22,144: INFO/MainProcess] mingle: searching for neighbors
[2019-08-23 15:20:23,167: INFO/MainProcess] mingle: all alone
[2019-08-23 15:20:23,178: INFO/MainProcess] worker@shilin-iMac.local ready.
[2019-08-23 15:21:33,007: INFO/MainProcess] Received task: app.getWechat[230b7504-af54-4c04-85af-9d828029c83b]  
[2019-08-23 15:21:33,351: INFO/ForkPoolWorker-4] put object, url=:https://shilin-1255431184.cos.ap-beijing.myqcloud.com/efd1c02238e5d37a4111eae91ae430b4 ,headers=:{'x-cos-storage-class': 'STANDARD', 'Content-Type': 'image/jpeg'}
[2019-08-23 15:21:34,816: INFO/ForkPoolWorker-4] put object, url=:https://shilin-1255431184.cos.ap-beijing.myqcloud.com/f4a48a2cadae469af1b61010d438adaf ,headers=:{'x-cos-storage-class': 'STANDARD', 'Content-Type': 'image/jpeg'}
[2019-08-23 15:21:35,911: INFO/ForkPoolWorker-4] Task app.getWechat[230b7504-af54-4c04-85af-9d828029c83b] succeeded in 2.901834647000001s: {'id': '5d5f93ffb17f20d0876e78b0'}
[2019-08-23 15:24:03,975: INFO/MainProcess] Connected to redis://localhost:6379/0
[2019-08-23 15:24:03,985: INFO/MainProcess] mingle: searching for neighbors
[2019-08-23 15:24:05,007: INFO/MainProcess] mingle: all alone
[2019-08-23 15:24:05,025: INFO/MainProcess] worker@shilin-iMac.local ready.
[2019-08-23 15:24:31,271: INFO/MainProcess] Received task: app.getWeibo[79cb0d73-a216-40ff-8d60-c515e5581646]  
[2019-08-23 15:24:31,517: WARNING/ForkPoolWorker-4] /Users/xiusl/InstanceProject/instance-spider/env/lib/python3.7/site-packages/urllib3/connectionpool.py:851: InsecureRequestWarning: Unverified HTTPS request is being made. Adding certificate verification is strongly advised. See: https://urllib3.readthedocs.io/en/latest/advanced-usage.html#ssl-warnings
  InsecureRequestWarning)
[2019-08-23 15:24:31,677: INFO/ForkPoolWorker-4] put object, url=:https://shilin-1255431184.cos.ap-beijing.myqcloud.com/7a436e246a5587afcb645006c639db4b ,headers=:{'x-cos-storage-class': 'STANDARD', 'Content-Type': 'image/jpeg'}
[2019-08-23 15:24:32,017: WARNING/ForkPoolWorker-4] {'id': '5d5f94b0ed25ceb54251b5eb'}
[2019-08-23 15:24:32,027: INFO/ForkPoolWorker-4] Task app.getWeibo[79cb0d73-a216-40ff-8d60-c515e5581646] succeeded in 0.7465599150000024s: {'id': '5d5f94b0ed25ceb54251b5eb'}
[2019-08-23 15:25:16,543: INFO/MainProcess] Connected to redis://localhost:6379/0
[2019-08-23 15:25:16,553: INFO/MainProcess] mingle: searching for neighbors
[2019-08-23 15:25:17,576: INFO/MainProcess] mingle: all alone
[2019-08-23 15:25:17,593: INFO/MainProcess] worker@shilin-iMac.local ready.
[2019-08-23 15:26:02,972: INFO/MainProcess] Received task: app.getWeibo[ea990598-43e3-42ad-9e66-1318aaf9cfd0]  
[2019-08-23 15:26:03,182: WARNING/ForkPoolWorker-4] /Users/xiusl/InstanceProject/instance-spider/env/lib/python3.7/site-packages/urllib3/connectionpool.py:851: InsecureRequestWarning: Unverified HTTPS request is being made. Adding certificate verification is strongly advised. See: https://urllib3.readthedocs.io/en/latest/advanced-usage.html#ssl-warnings
  InsecureRequestWarning)
[2019-08-23 15:26:03,330: INFO/ForkPoolWorker-4] put object, url=:https://shilin-1255431184.cos.ap-beijing.myqcloud.com/fb0e45dabc1d262e34254db464339470 ,headers=:{'x-cos-storage-class': 'STANDARD', 'Content-Type': 'image/jpeg'}
[2019-08-23 15:26:04,693: INFO/ForkPoolWorker-4] put object, url=:https://shilin-1255431184.cos.ap-beijing.myqcloud.com/b0e235572b75be3e14e9f7dd87c0b11b ,headers=:{'x-cos-storage-class': 'STANDARD', 'Content-Type': 'image/jpeg'}
[2019-08-23 15:26:05,896: INFO/ForkPoolWorker-4] put object, url=:https://shilin-1255431184.cos.ap-beijing.myqcloud.com/8deaf15f986607666612f666091ec775 ,headers=:{'x-cos-storage-class': 'STANDARD', 'Content-Type': 'image/jpeg'}
[2019-08-23 15:26:07,056: INFO/ForkPoolWorker-4] put object, url=:https://shilin-1255431184.cos.ap-beijing.myqcloud.com/601c7c3d4e44813ca82cd24be1833cac ,headers=:{'x-cos-storage-class': 'STANDARD', 'Content-Type': 'image/jpeg'}
[2019-08-23 15:26:08,189: INFO/ForkPoolWorker-4] put object, url=:https://shilin-1255431184.cos.ap-beijing.myqcloud.com/2db03df0e3144a8addd58bcb1c7c5301 ,headers=:{'x-cos-storage-class': 'STANDARD', 'Content-Type': 'image/jpeg'}
[2019-08-23 15:26:09,291: INFO/ForkPoolWorker-4] put object, url=:https://shilin-1255431184.cos.ap-beijing.myqcloud.com/afaa57b51c5189082d0eac1bb02809cb ,headers=:{'x-cos-storage-class': 'STANDARD', 'Content-Type': 'image/jpeg'}
[2019-08-23 15:26:10,396: INFO/ForkPoolWorker-4] put object, url=:https://shilin-1255431184.cos.ap-beijing.myqcloud.com/1d1d3323060b9c72ea95c3d448cd0c23 ,headers=:{'x-cos-storage-class': 'STANDARD', 'Content-Type': 'image/jpeg'}
[2019-08-23 15:26:11,543: INFO/ForkPoolWorker-4] put object, url=:https://shilin-1255431184.cos.ap-beijing.myqcloud.com/b70f2caa3017732bc0aed6fddb21da03 ,headers=:{'x-cos-storage-class': 'STANDARD', 'Content-Type': 'image/jpeg'}
[2019-08-23 15:26:12,675: INFO/ForkPoolWorker-4] put object, url=:https://shilin-1255431184.cos.ap-beijing.myqcloud.com/67e9d7b572a6f6a721204b88c2f6304c ,headers=:{'x-cos-storage-class': 'STANDARD', 'Content-Type': 'image/jpeg'}
[2019-08-23 15:26:13,752: WARNING/ForkPoolWorker-4] {'id': '5d5f951531b53c0b44a7a643'}
[2019-08-23 15:26:13,768: INFO/ForkPoolWorker-4] Task app.getWeibo[ea990598-43e3-42ad-9e66-1318aaf9cfd0] succeeded in 10.787230051000002s: {'id': '5d5f951531b53c0b44a7a643'}
[2019-08-23 15:30:12,370: INFO/MainProcess] Connected to redis://localhost:6379/0
[2019-08-23 15:30:12,378: INFO/MainProcess] mingle: searching for neighbors
[2019-08-23 15:30:13,397: INFO/MainProcess] mingle: all alone
[2019-08-23 15:30:13,416: INFO/MainProcess] worker@shilin-iMac.local ready.
[2019-08-23 15:30:40,675: INFO/MainProcess] Received task: app.getWechat[c2d46c02-bdeb-4a66-9d54-413483eecf70]  
[2019-08-23 15:30:41,003: INFO/ForkPoolWorker-4] put object, url=:https://shilin-1255431184.cos.ap-beijing.myqcloud.com/985a1fb4054b0d916b4f876f2b4560a9 ,headers=:{'x-cos-storage-class': 'STANDARD', 'Content-Type': 'image/jpeg'}
[2019-08-23 15:30:42,465: INFO/ForkPoolWorker-4] put object, url=:https://shilin-1255431184.cos.ap-beijing.myqcloud.com/e7f9240a55de54f8c7b38efde8df3b89 ,headers=:{'x-cos-storage-class': 'STANDARD', 'Content-Type': 'image/jpeg'}
[2019-08-23 15:30:43,569: INFO/ForkPoolWorker-4] put object, url=:https://shilin-1255431184.cos.ap-beijing.myqcloud.com/85485f7015be0f77f8944a8f6f4661cd ,headers=:{'x-cos-storage-class': 'STANDARD', 'Content-Type': 'image/jpeg'}
[2019-08-23 15:30:44,679: INFO/ForkPoolWorker-4] put object, url=:https://shilin-1255431184.cos.ap-beijing.myqcloud.com/b2148f256f2cac354d73590fabce4327 ,headers=:{'x-cos-storage-class': 'STANDARD', 'Content-Type': 'image/jpeg'}
[2019-08-23 15:30:45,812: INFO/ForkPoolWorker-4] put object, url=:https://shilin-1255431184.cos.ap-beijing.myqcloud.com/2925075f8d736bc88af9c5af3c48861a ,headers=:{'x-cos-storage-class': 'STANDARD', 'Content-Type': 'image/jpeg'}
[2019-08-23 15:30:46,999: INFO/ForkPoolWorker-4] put object, url=:https://shilin-1255431184.cos.ap-beijing.myqcloud.com/c82b6435fb6d21d1bdda03cdcf7b22f5 ,headers=:{'x-cos-storage-class': 'STANDARD', 'Content-Type': 'image/gif'}
[2019-08-23 15:30:48,391: INFO/ForkPoolWorker-4] Task app.getWechat[c2d46c02-bdeb-4a66-9d54-413483eecf70] succeeded in 7.7126332359999985s: {'id': '5d5f96288e4fcb561861f011'}
[2019-08-30 15:09:56,129: INFO/MainProcess] Connected to redis://localhost:6379/0
[2019-08-30 15:09:56,142: INFO/MainProcess] mingle: searching for neighbors
[2019-08-30 15:09:57,164: INFO/MainProcess] mingle: all alone
[2019-08-30 15:09:57,178: INFO/MainProcess] worker@shilin-iMac.local ready.
[2019-09-02 09:20:32,241: INFO/MainProcess] Connected to redis://localhost:6379/0
[2019-09-02 09:20:32,250: INFO/MainProcess] mingle: searching for neighbors
[2019-09-02 09:20:33,273: INFO/MainProcess] mingle: all alone
[2019-09-02 09:20:33,286: INFO/MainProcess] worker@shilin-iMac.local ready.
[2019-09-02 09:23:26,851: INFO/MainProcess] Received task: app.getWechat[9b5d4b42-d960-458f-8898-eb8fd5bd7eb9]  
[2019-09-02 09:23:27,292: INFO/ForkPoolWorker-4] put object, url=:https://shilin-1255431184.cos.ap-beijing.myqcloud.com/26c1c76428e3afbada131f68ba41fb60 ,headers=:{'x-cos-storage-class': 'STANDARD', 'Content-Type': 'image/jpeg'}
[2019-09-02 09:23:28,728: INFO/ForkPoolWorker-4] put object, url=:https://shilin-1255431184.cos.ap-beijing.myqcloud.com/9eeb281a2e57684b5850746e4f28b703 ,headers=:{'x-cos-storage-class': 'STANDARD', 'Content-Type': 'image/png'}
[2019-09-02 09:23:29,836: INFO/ForkPoolWorker-4] put object, url=:https://shilin-1255431184.cos.ap-beijing.myqcloud.com/bb0159e381ec0043fa4819860ee9d635 ,headers=:{'x-cos-storage-class': 'STANDARD', 'Content-Type': 'image/png'}
[2019-09-02 09:23:30,943: INFO/ForkPoolWorker-4] put object, url=:https://shilin-1255431184.cos.ap-beijing.myqcloud.com/b6449dd8bb2c9ca6dccd89f61d31c791 ,headers=:{'x-cos-storage-class': 'STANDARD', 'Content-Type': 'image/png'}
[2019-09-02 09:23:32,083: INFO/ForkPoolWorker-4] put object, url=:https://shilin-1255431184.cos.ap-beijing.myqcloud.com/8bb7ce759b58ef51c55db915f8d356c9 ,headers=:{'x-cos-storage-class': 'STANDARD', 'Content-Type': 'image/jpeg'}
[2019-09-02 09:23:33,215: INFO/ForkPoolWorker-4] put object, url=:https://shilin-1255431184.cos.ap-beijing.myqcloud.com/09fe088c4a454bb761398bbc62a07035 ,headers=:{'x-cos-storage-class': 'STANDARD', 'Content-Type': 'image/png'}
[2019-09-02 09:23:34,318: INFO/ForkPoolWorker-4] put object, url=:https://shilin-1255431184.cos.ap-beijing.myqcloud.com/a5281e5529aa646bf6758ef1735e670e ,headers=:{'x-cos-storage-class': 'STANDARD', 'Content-Type': 'image/png'}
[2019-09-02 09:23:35,423: INFO/ForkPoolWorker-4] put object, url=:https://shilin-1255431184.cos.ap-beijing.myqcloud.com/f60f7a36dd87836dab46cfc519c0f15a ,headers=:{'x-cos-storage-class': 'STANDARD', 'Content-Type': 'image/png'}
[2019-09-02 09:23:36,530: INFO/ForkPoolWorker-4] put object, url=:https://shilin-1255431184.cos.ap-beijing.myqcloud.com/be85199e3a865f3c569154aa04c197ec ,headers=:{'x-cos-storage-class': 'STANDARD', 'Content-Type': 'image/png'}
[2019-09-02 09:23:37,651: INFO/ForkPoolWorker-4] put object, url=:https://shilin-1255431184.cos.ap-beijing.myqcloud.com/46c77bdd0c950665cee7ab2e3c3c5833 ,headers=:{'x-cos-storage-class': 'STANDARD', 'Content-Type': 'image/png'}
[2019-09-02 09:23:38,799: INFO/ForkPoolWorker-4] put object, url=:https://shilin-1255431184.cos.ap-beijing.myqcloud.com/5cf3536ff5b0f2ce481098ba71b808ec ,headers=:{'x-cos-storage-class': 'STANDARD', 'Content-Type': 'image/jpeg'}
[2019-09-02 09:23:39,907: INFO/ForkPoolWorker-4] put object, url=:https://shilin-1255431184.cos.ap-beijing.myqcloud.com/a1a6202e6b236f2402996c89479263e4 ,headers=:{'x-cos-storage-class': 'STANDARD', 'Content-Type': 'image/jpeg'}
[2019-09-02 09:23:41,012: INFO/ForkPoolWorker-4] put object, url=:https://shilin-1255431184.cos.ap-beijing.myqcloud.com/8c3cbb6816926a8676f8ccacb57eab88 ,headers=:{'x-cos-storage-class': 'STANDARD', 'Content-Type': 'image/png'}
[2019-09-02 09:23:42,117: INFO/ForkPoolWorker-4] put object, url=:https://shilin-1255431184.cos.ap-beijing.myqcloud.com/0afb8ea3ae07e76dc0f6af0ddd95b532 ,headers=:{'x-cos-storage-class': 'STANDARD', 'Content-Type': 'image/png'}
[2019-09-02 09:23:43,235: INFO/ForkPoolWorker-4] put object, url=:https://shilin-1255431184.cos.ap-beijing.myqcloud.com/ac60fe7f25ff89afaa2ea88bb57f1602 ,headers=:{'x-cos-storage-class': 'STANDARD', 'Content-Type': 'image/jpeg'}
[2019-09-02 09:23:44,386: INFO/ForkPoolWorker-4] put object, url=:https://shilin-1255431184.cos.ap-beijing.myqcloud.com/bd75791e549cfda15733e4d1c3b1b7de ,headers=:{'x-cos-storage-class': 'STANDARD', 'Content-Type': 'image/gif'}
[2019-09-02 09:23:45,595: INFO/ForkPoolWorker-4] put object, url=:https://shilin-1255431184.cos.ap-beijing.myqcloud.com/b83c59bca367738be3bfca84eab88a9e ,headers=:{'x-cos-storage-class': 'STANDARD', 'Content-Type': 'image/png'}
[2019-09-02 09:23:46,712: INFO/ForkPoolWorker-4] Task app.getWechat[9b5d4b42-d960-458f-8898-eb8fd5bd7eb9] succeeded in 19.853356915000006s: {'id': '5d6c6f22836354cdd027fd32'}
[2019-09-02 09:36:13,232: INFO/MainProcess] Connected to redis://localhost:6379/0
[2019-09-02 09:36:13,241: INFO/MainProcess] mingle: searching for neighbors
[2019-09-02 09:36:14,263: INFO/MainProcess] mingle: all alone
[2019-09-02 09:36:14,279: INFO/MainProcess] worker@shilin-iMac.local ready.
[2019-09-02 09:36:37,347: INFO/MainProcess] Received task: app.getWeibo[04a79b84-47e4-4e3a-bdb8-15a910dff143]  
[2019-09-02 09:36:37,544: WARNING/ForkPoolWorker-4] /Users/xiusl/InstanceProject/instance-spider/env/lib/python3.7/site-packages/urllib3/connectionpool.py:851: InsecureRequestWarning: Unverified HTTPS request is being made. Adding certificate verification is strongly advised. See: https://urllib3.readthedocs.io/en/latest/advanced-usage.html#ssl-warnings
  InsecureRequestWarning)
[2019-09-02 09:36:37,720: INFO/ForkPoolWorker-4] put object, url=:https://shilin-1255431184.cos.ap-beijing.myqcloud.com/7ad0193b4fe3c2b54c96fd27e37d4616 ,headers=:{'x-cos-storage-class': 'STANDARD', 'Content-Type': 'image/jpeg'}
[2019-09-02 09:36:39,115: INFO/ForkPoolWorker-4] put object, url=:https://shilin-1255431184.cos.ap-beijing.myqcloud.com/af4a9ea2c6cf190867039c30ce972d6d ,headers=:{'x-cos-storage-class': 'STANDARD', 'Content-Type': 'image/jpeg'}
[2019-09-02 09:36:40,310: INFO/ForkPoolWorker-4] put object, url=:https://shilin-1255431184.cos.ap-beijing.myqcloud.com/c1d7698095312476933501b1d6905776 ,headers=:{'x-cos-storage-class': 'STANDARD', 'Content-Type': 'image/jpeg'}
[2019-09-02 09:36:41,506: INFO/ForkPoolWorker-4] put object, url=:https://shilin-1255431184.cos.ap-beijing.myqcloud.com/80cf151b84a05802c2e700cef2d2a4a4 ,headers=:{'x-cos-storage-class': 'STANDARD', 'Content-Type': 'image/jpeg'}
[2019-09-02 09:36:42,602: INFO/ForkPoolWorker-4] put object, url=:https://shilin-1255431184.cos.ap-beijing.myqcloud.com/2e9edd78fbfb94c5848f7e85c01ccb33 ,headers=:{'x-cos-storage-class': 'STANDARD', 'Content-Type': 'image/jpeg'}
[2019-09-02 09:36:43,700: INFO/ForkPoolWorker-4] put object, url=:https://shilin-1255431184.cos.ap-beijing.myqcloud.com/dcbb28568592e93a5be8f5f577e9914c ,headers=:{'x-cos-storage-class': 'STANDARD', 'Content-Type': 'image/jpeg'}
[2019-09-02 09:36:44,812: INFO/ForkPoolWorker-4] put object, url=:https://shilin-1255431184.cos.ap-beijing.myqcloud.com/e81fd6e2435981e0e33301385a9eb968 ,headers=:{'x-cos-storage-class': 'STANDARD', 'Content-Type': 'image/jpeg'}
[2019-09-02 09:36:45,902: INFO/ForkPoolWorker-4] put object, url=:https://shilin-1255431184.cos.ap-beijing.myqcloud.com/5abe7cb0cb88006da0989f8949942d95 ,headers=:{'x-cos-storage-class': 'STANDARD', 'Content-Type': 'image/jpeg'}
[2019-09-02 09:36:47,011: INFO/ForkPoolWorker-4] put object, url=:https://shilin-1255431184.cos.ap-beijing.myqcloud.com/d08ba47ccc8acdbfa9c0fbb2be628f92 ,headers=:{'x-cos-storage-class': 'STANDARD', 'Content-Type': 'image/jpeg'}
[2019-09-02 09:36:48,089: ERROR/ForkPoolWorker-4] Task app.getWeibo[04a79b84-47e4-4e3a-bdb8-15a910dff143] raised unexpected: AttributeError("module 'datetime' has no attribute 'strptime'")
Traceback (most recent call last):
  File "/Users/xiusl/InstanceProject/instance-spider/env/lib/python3.7/site-packages/celery/app/trace.py", line 385, in trace_task
    R = retval = fun(*args, **kwargs)
  File "/Users/xiusl/InstanceProject/instance-spider/env/lib/python3.7/site-packages/celery/app/trace.py", line 648, in __protected_call__
    return self.run(*args, **kwargs)
  File "/Users/xiusl/InstanceProject/instance-spider/app.py", line 24, in getWeibo
    data = sp.getWeiboByUrl(url)
  File "/Users/xiusl/InstanceProject/instance-spider/weibo.py", line 106, in getWeiboByUrl
    pb_time = datetime.strptime(status.get('created_at'))
AttributeError: module 'datetime' has no attribute 'strptime'
